<?xml version="1.0" encoding="UTF-8"?>
<!-- Generated by org.testng.reporters.JUnitXMLReporter -->
<testsuite ignored="0" hostname="DESKTOP-JE9AC2C" failures="0" tests="3" name="Default test" time="5.214" errors="0" timestamp="2024-06-25T05:00:14 PDT">
  <testcase classname="com.qa.sauce.testcases.ClickOnProductimg" name="loginTest" time="1.385"/>
  <testcase classname="com.qa.sauce.testcases.ClickOnProductimg" name="ImageDisplay" time="0.069"/>
  <testcase classname="com.qa.sauce.testcases.ClickOnProductimg" name="Imageclick" time="0.443"/>
</testsuite> <!-- Default test -->
