<?xml version="1.0" encoding="UTF-8"?>
<testng-results ignored="0" total="3" passed="3" failed="0" skipped="0">
  <reporter-output>
  </reporter-output>
  <suite started-at="2024-06-25T05:00:09 PDT" name="Default suite" finished-at="2024-06-25T05:00:14 PDT" duration-ms="5214">
    <groups>
    </groups>
    <test started-at="2024-06-25T05:00:09 PDT" name="Default test" finished-at="2024-06-25T05:00:14 PDT" duration-ms="5214">
      <class name="com.qa.sauce.testcases.ClickOnProductimg">
        <test-method is-config="true" signature="setup()[pri:0, instance:com.qa.sauce.testcases.ClickOnProductimg@33d512c1]" started-at="2024-06-25T05:00:09 PDT" name="setup" finished-at="2024-06-25T05:00:12 PDT" duration-ms="3009" status="PASS">
          <reporter-output>
          </reporter-output>
        </test-method> <!-- setup -->
        <test-method signature="loginTest()[pri:1, instance:com.qa.sauce.testcases.ClickOnProductimg@33d512c1]" started-at="2024-06-25T05:00:12 PDT" name="loginTest" finished-at="2024-06-25T05:00:13 PDT" duration-ms="1385" status="PASS">
          <reporter-output>
          </reporter-output>
        </test-method> <!-- loginTest -->
        <test-method signature="ImageDisplay()[pri:2, instance:com.qa.sauce.testcases.ClickOnProductimg@33d512c1]" started-at="2024-06-25T05:00:13 PDT" name="ImageDisplay" finished-at="2024-06-25T05:00:13 PDT" duration-ms="69" status="PASS">
          <reporter-output>
          </reporter-output>
        </test-method> <!-- ImageDisplay -->
        <test-method signature="Imageclick()[pri:3, instance:com.qa.sauce.testcases.ClickOnProductimg@33d512c1]" started-at="2024-06-25T05:00:13 PDT" name="Imageclick" finished-at="2024-06-25T05:00:14 PDT" duration-ms="443" status="PASS">
          <reporter-output>
          </reporter-output>
        </test-method> <!-- Imageclick -->
        <test-method is-config="true" signature="teardown()[pri:0, instance:com.qa.sauce.testcases.ClickOnProductimg@33d512c1]" started-at="2024-06-25T05:00:14 PDT" name="teardown" finished-at="2024-06-25T05:00:14 PDT" duration-ms="245" status="PASS">
          <reporter-output>
          </reporter-output>
        </test-method> <!-- teardown -->
      </class> <!-- com.qa.sauce.testcases.ClickOnProductimg -->
    </test> <!-- Default test -->
  </suite> <!-- Default suite -->
</testng-results>
